0 info it worked if it ends with ok
1 verbose cli [ 'C:\\software\\nodejs\\node.exe',
1 verbose cli   'C:\\software\\nodejs\\node_modules\\npm\\bin\\npm-cli.js',
1 verbose cli   'version',
1 verbose cli   'patch' ]
2 info using npm@3.10.3
3 info using node@v6.7.0
4 error version No valid package.json found
5 verbose stack Error: Error: ENOENT: no such file or directory, open 'J:\Desktop\utrzymanie i rozw贸j\utrzymanie_i_rozwoj\package.json'
5 verbose stack     at ReadFileContext.<anonymous> (C:\software\nodejs\node_modules\npm\lib\version.js:111:23)
5 verbose stack     at ReadFileContext.callback (C:\software\nodejs\node_modules\npm\node_modules\graceful-fs\graceful-fs.js:78:16)
5 verbose stack     at FSReqWrap.readFileAfterOpen [as oncomplete] (fs.js:365:13)
6 verbose cwd J:\Desktop\utrzymanie i rozw贸j\utrzymanie_i_rozwoj
7 error Windows_NT 10.0.14393
8 error argv "C:\\software\\nodejs\\node.exe" "C:\\software\\nodejs\\node_modules\\npm\\bin\\npm-cli.js" "version" "patch"
9 error node v6.7.0
10 error npm  v3.10.3
11 error code [ 'Error: ENOENT',
11 error code   'ENOENT',
11 error code   index: 0,
11 error code   input: 'Error: ENOENT: no such file or directory, open \'J:\\Desktop\\utrzymanie i rozw贸j\\utrzymanie_i_rozwoj\\package.json\'' ]
12 error Error: ENOENT: no such file or directory, open 'J:\Desktop\utrzymanie i rozw贸j\utrzymanie_i_rozwoj\package.json'
13 error If you need help, you may report this error at:
13 error     <https://github.com/npm/npm/issues>
14 verbose exit [ 1, true ]
